{"synthetic": false,
 "schemaVersion": "2025-09-10",
 "outputs": null,
 "log":
 [{"message":
   ".> ELAN=elan ELAN_HOME=/home/fae/.elan ELAN_TOOLCHAIN=leanprover/lean4:v4.27.0-rc1 LAKE=/home/fae/.elan/toolchains/leanprover--lean4---v4.27.0-rc1/bin/lake LAKE_HOME=/home/fae/.elan/toolchains/leanprover--lean4---v4.27.0-rc1 LAKE_PKG_URL_MAP={} LAKE_NO_CACHE=false LAKE_ARTIFACT_CACHE=false LAKE_CACHE_KEY= LAKE_CACHE_ARTIFACT_ENDPOINT= LAKE_CACHE_REVISION_ENDPOINT= LEAN=/home/fae/.elan/toolchains/leanprover--lean4---v4.27.0-rc1/bin/lean LEAN_SYSROOT=/home/fae/.elan/toolchains/leanprover--lean4---v4.27.0-rc1 LEAN_AR=/home/fae/.elan/toolchains/leanprover--lean4---v4.27.0-rc1/bin/llvm-ar LEAN_CC= LAKE_CACHE_DIR=/home/fae/.elan/toolchains/leanprover--lean4---v4.27.0-rc1/lake/cache LEAN_PATH=/home/fae/Desktop/Lean/GradCourse26/.lake/packages/batteries/.lake/build/lib/lean:/home/fae/Desktop/Lean/GradCourse26/.lake/packages/Qq/.lake/build/lib/lean:/home/fae/Desktop/Lean/GradCourse26/.lake/packages/aesop/.lake/build/lib/lean:/home/fae/Desktop/Lean/GradCourse26/.lake/packages/proofwidgets/.lake/build/lib/lean:/home/fae/Desktop/Lean/GradCourse26/.lake/packages/importGraph/.lake/build/lib/lean:/home/fae/Desktop/Lean/GradCourse26/.lake/packages/LeanSearchClient/.lake/build/lib/lean:/home/fae/Desktop/Lean/GradCourse26/.lake/packages/plausible/.lake/build/lib/lean:/home/fae/Desktop/Lean/GradCourse26/.lake/packages/mathlib/.lake/build/lib/lean:/home/fae/Desktop/Lean/GradCourse26/.lake/packages/MD4Lean/.lake/build/lib/lean:/home/fae/Desktop/Lean/GradCourse26/.lake/packages/BibtexQuery/.lake/build/lib/lean:/home/fae/Desktop/Lean/GradCourse26/.lake/packages/UnicodeBasic/.lake/build/lib/lean:/home/fae/Desktop/Lean/GradCourse26/.lake/packages/Cli/.lake/build/lib/lean:/home/fae/Desktop/Lean/GradCourse26/.lake/build/lib/lean:/home/fae/Desktop/Lean/GradCourse26/.lake/packages/doc-gen4/.lake/build/lib/lean:/home/fae/Desktop/Lean/GradCourse26/docbuild/.lake/build/lib/lean:/home/fae/.elan/toolchains/leanprover--lean4---v4.27.0-rc1/lib/lean LEAN_SRC_PATH=/home/fae/Desktop/Lean/GradCourse26/.lake/packages/batteries:/home/fae/Desktop/Lean/GradCourse26/.lake/packages/batteries:/home/fae/Desktop/Lean/GradCourse26/.lake/packages/Qq:/home/fae/Desktop/Lean/GradCourse26/.lake/packages/Qq:/home/fae/Desktop/Lean/GradCourse26/.lake/packages/aesop:/home/fae/Desktop/Lean/GradCourse26/.lake/packages/aesop:/home/fae/Desktop/Lean/GradCourse26/.lake/packages/proofwidgets:/home/fae/Desktop/Lean/GradCourse26/.lake/packages/proofwidgets:/home/fae/Desktop/Lean/GradCourse26/.lake/packages/proofwidgets:/home/fae/Desktop/Lean/GradCourse26/.lake/packages/importGraph:/home/fae/Desktop/Lean/GradCourse26/.lake/packages/importGraph:/home/fae/Desktop/Lean/GradCourse26/.lake/packages/LeanSearchClient:/home/fae/Desktop/Lean/GradCourse26/.lake/packages/LeanSearchClient:/home/fae/Desktop/Lean/GradCourse26/.lake/packages/plausible:/home/fae/Desktop/Lean/GradCourse26/.lake/packages/plausible:/home/fae/Desktop/Lean/GradCourse26/.lake/packages/mathlib:/home/fae/Desktop/Lean/GradCourse26/.lake/packages/mathlib:/home/fae/Desktop/Lean/GradCourse26/.lake/packages/mathlib:/home/fae/Desktop/Lean/GradCourse26/.lake/packages/mathlib:/home/fae/Desktop/Lean/GradCourse26/.lake/packages/mathlib:/home/fae/Desktop/Lean/GradCourse26/.lake/packages/mathlib:/home/fae/Desktop/Lean/GradCourse26/.lake/packages/mathlib:/home/fae/Desktop/Lean/GradCourse26/.lake/packages/MD4Lean:/home/fae/Desktop/Lean/GradCourse26/.lake/packages/MD4Lean:/home/fae/Desktop/Lean/GradCourse26/.lake/packages/BibtexQuery:/home/fae/Desktop/Lean/GradCourse26/.lake/packages/UnicodeBasic:/home/fae/Desktop/Lean/GradCourse26/.lake/packages/UnicodeBasic:/home/fae/Desktop/Lean/GradCourse26/.lake/packages/Cli:/home/fae/Desktop/Lean/GradCourse26/.lake/packages/Cli:/home/fae/Desktop/Lean/GradCourse26:/home/fae/Desktop/Lean/GradCourse26/.lake/packages/doc-gen4:/home/fae/.elan/toolchains/leanprover--lean4---v4.27.0-rc1/src/lean/lake LEAN_GITHASH=2fcce7258eeb6e324366bc25f9058293b04b7547 PATH LD_LIBRARY_PATH=/home/fae/.elan/toolchains/leanprover--lean4---v4.27.0-rc1/lib/lean:/home/fae/.elan/toolchains/leanprover--lean4---v4.27.0-rc1/lib:/home/fae/Desktop/Lean/GradCourse26/docbuild/.lake/build/lib:/home/fae/Desktop/Lean/GradCourse26/.lake/packages/doc-gen4/.lake/build/lib:/home/fae/Desktop/Lean/GradCourse26/.lake/build/lib:/home/fae/Desktop/Lean/GradCourse26/.lake/packages/Cli/.lake/build/lib:/home/fae/Desktop/Lean/GradCourse26/.lake/packages/UnicodeBasic/.lake/build/lib:/home/fae/Desktop/Lean/GradCourse26/.lake/packages/BibtexQuery/.lake/build/lib:/home/fae/Desktop/Lean/GradCourse26/.lake/packages/MD4Lean/.lake/build/lib:/home/fae/Desktop/Lean/GradCourse26/.lake/packages/mathlib/.lake/build/lib:/home/fae/Desktop/Lean/GradCourse26/.lake/packages/plausible/.lake/build/lib:/home/fae/Desktop/Lean/GradCourse26/.lake/packages/LeanSearchClient/.lake/build/lib:/home/fae/Desktop/Lean/GradCourse26/.lake/packages/importGraph/.lake/build/lib:/home/fae/Desktop/Lean/GradCourse26/.lake/packages/proofwidgets/.lake/build/lib:/home/fae/Desktop/Lean/GradCourse26/.lake/packages/aesop/.lake/build/lib:/home/fae/Desktop/Lean/GradCourse26/.lake/packages/Qq/.lake/build/lib:/home/fae/Desktop/Lean/GradCourse26/.lake/packages/batteries/.lake/build/lib /home/fae/Desktop/Lean/GradCourse26/.lake/packages/doc-gen4/.lake/build/bin/doc-gen4 single --build /home/fae/Desktop/Lean/GradCourse26/docbuild/.lake/build Mathlib.Probability.Kernel.IonescuTulcea.Traj https://github.com/leanprover-community/mathlib4/blob/32d24245c7a12ded17325299fd41d412022cd3fe/Mathlib/Probability/Kernel/IonescuTulcea/Traj.lean",
   "level": "trace"}],
 "inputs":
 [["<collection>",
   [["/home/fae/Desktop/Lean/GradCourse26/docbuild/.lake/build/doc/Mathlib/MeasureTheory/Constructions/ProjectiveFamilyContent.html",
     "9d8a0c16f236b382"],
    ["/home/fae/Desktop/Lean/GradCourse26/docbuild/.lake/build/doc/Mathlib/MeasureTheory/Function/FactorsThrough.html",
     "4c7609dda3258419"],
    ["/home/fae/Desktop/Lean/GradCourse26/docbuild/.lake/build/doc/Mathlib/MeasureTheory/Measure/ProbabilityMeasure.html",
     "47754c6afe1bdbb6"],
    ["/home/fae/Desktop/Lean/GradCourse26/docbuild/.lake/build/doc/Mathlib/MeasureTheory/OuterMeasure/OfAddContent.html",
     "a46bd740d6b12977"],
    ["/home/fae/Desktop/Lean/GradCourse26/docbuild/.lake/build/doc/Mathlib/Probability/Kernel/CondDistrib.html",
     "51bce933be2a64b7"],
    ["/home/fae/Desktop/Lean/GradCourse26/docbuild/.lake/build/doc/Mathlib/Probability/Kernel/IonescuTulcea/PartialTraj.html",
     "81b1e4380149ccd5"],
    ["/home/fae/Desktop/Lean/GradCourse26/docbuild/.lake/build/doc/Mathlib/Probability/Kernel/SetIntegral.html",
     "406c0d59f024fe3c"]]],
  ["/home/fae/Desktop/Lean/GradCourse26/docbuild/.lake/build/doc-data/references.json",
   "a50f2257f35adb49"],
  ["/home/fae/Desktop/Lean/GradCourse26/.lake/packages/doc-gen4/.lake/build/bin/doc-gen4",
   "cd021f749a32c58e"],
  ["Mathlib.Probability.Kernel.IonescuTulcea.Traj:leanArts",
   "170a5524878754f6"]],
 "depHash": "32af531dc28e70c7"}